-- Attaching packages --------------------------------------- tidyverse 1.3.0 --
v ggplot2 3.3.1     v purrr   0.3.4
v tibble  3.0.1     v dplyr   1.0.0
v tidyr   1.1.0     v stringr 1.4.0
v readr   1.3.1     v forcats 0.5.0
-- Conflicts ------------------------------------------ tidyverse_conflicts() --
x dplyr::filter() masks stats::filter()
x dplyr::lag()    masks stats::lag()
Loading required package: sp

Attaching package: 'raster'

The following object is masked from 'package:dplyr':

    select

The following object is masked from 'package:tidyr':

    extract

Linking to GEOS 3.7.2, GDAL 2.4.2, PROJ 5.2.0

Attaching package: 'lubridate'

The following objects are masked from 'package:raster':

    intersect, union

The following objects are masked from 'package:base':

    date, intersect, setdiff, union

